2024-04-27 13:16:21,718 [INFO] Set parameter Username
2024-04-27 13:16:21,720 [INFO] Academic license - for non-commercial use only - expires 2024-06-04
2024-04-27 14:21:57,991 [INFO] Set parameter Username
2024-04-27 14:21:57,993 [INFO] Academic license - for non-commercial use only - expires 2024-06-04
2024-04-28 15:28:40,661 [INFO] Set parameter Username
2024-04-28 15:28:40,663 [INFO] Academic license - for non-commercial use only - expires 2024-06-04
2024-04-28 15:53:35,097 [INFO] Set parameter Username
2024-04-28 15:53:35,099 [INFO] Academic license - for non-commercial use only - expires 2024-06-04
2024-04-28 17:23:01,744 [INFO] Set parameter Username
2024-04-28 17:23:01,746 [INFO] Academic license - for non-commercial use only - expires 2024-06-04
2024-04-28 17:33:47,556 [ERROR] No such comm target registered: jupyter.widget.control
2024-04-28 17:33:47,560 [WARNING] No such comm: d194e61c-2196-4114-94d6-71d4a3b7c200
2024-04-28 19:49:30,539 [INFO] Set parameter Username
2024-04-28 19:49:30,541 [INFO] Academic license - for non-commercial use only - expires 2024-06-04
2024-04-28 20:59:05,442 [INFO] Set parameter Username
2024-04-28 20:59:05,445 [INFO] Academic license - for non-commercial use only - expires 2024-06-04
2024-04-28 21:04:48,217 [INFO] Set parameter Username
2024-04-28 21:04:48,219 [INFO] Academic license - for non-commercial use only - expires 2024-06-04
2024-04-28 21:27:10,800 [INFO] Set parameter Username
2024-04-28 21:27:10,802 [INFO] Academic license - for non-commercial use only - expires 2024-06-04
2024-04-28 22:05:03,156 [INFO] Set parameter Username
2024-04-28 22:05:03,159 [INFO] Academic license - for non-commercial use only - expires 2024-06-04
2024-05-01 13:51:56,706 [INFO] Set parameter Username
2024-05-01 13:51:56,709 [INFO] Academic license - for non-commercial use only - expires 2024-06-04
2024-05-03 22:15:14,884 [INFO] Set parameter Username
2024-05-03 22:15:14,889 [INFO] Academic license - for non-commercial use only - expires 2024-06-04
2024-05-04 14:07:27,683 [INFO] Set parameter Username
2024-05-04 14:07:27,687 [INFO] Academic license - for non-commercial use only - expires 2024-06-04
2024-05-04 14:16:50,602 [INFO] Set parameter Username
2024-05-04 14:16:50,605 [INFO] Academic license - for non-commercial use only - expires 2024-06-04
2024-05-06 13:14:13,116 [INFO] Set parameter Username
2024-05-06 13:14:13,120 [INFO] Academic license - for non-commercial use only - expires 2024-06-04
2024-05-11 21:32:56,565 [INFO] Set parameter Username
2024-05-11 21:32:56,568 [INFO] Academic license - for non-commercial use only - expires 2024-06-04
2024-05-11 21:49:22,835 [INFO] Set parameter Username
2024-05-11 21:49:22,839 [INFO] Academic license - for non-commercial use only - expires 2024-06-04
2024-05-11 22:10:46,472 [INFO] Set parameter Username
2024-05-11 22:10:46,476 [INFO] Academic license - for non-commercial use only - expires 2024-06-04
2024-05-11 22:13:45,207 [INFO] Set parameter Username
2024-05-11 22:13:45,213 [INFO] Academic license - for non-commercial use only - expires 2024-06-04
2024-05-11 22:15:07,036 [INFO] Set parameter Username
2024-05-11 22:15:07,039 [INFO] Academic license - for non-commercial use only - expires 2024-06-04
2024-05-11 22:26:12,944 [INFO] Set parameter Username
2024-05-11 22:26:12,948 [INFO] Academic license - for non-commercial use only - expires 2024-06-04
2024-05-12 14:15:19,074 [INFO] Set parameter Username
2024-05-12 14:15:19,077 [INFO] Academic license - for non-commercial use only - expires 2024-06-04
2024-05-12 14:33:40,142 [INFO] Set parameter Username
2024-05-12 14:33:40,144 [INFO] Academic license - for non-commercial use only - expires 2024-06-04
2024-05-12 14:42:03,587 [INFO] Set parameter Username
2024-05-12 14:42:03,590 [INFO] Academic license - for non-commercial use only - expires 2024-06-04
2024-05-18 21:35:00,392 [INFO] Set parameter Username
2024-05-18 21:35:00,395 [INFO] Academic license - for non-commercial use only - expires 2024-06-04
2024-05-18 22:48:29,791 [INFO] Set parameter Username
2024-05-18 22:48:29,793 [INFO] Academic license - for non-commercial use only - expires 2024-06-04
2024-05-22 20:52:42,652 [INFO] Set parameter Username
2024-05-22 20:52:42,655 [INFO] 
2024-05-22 20:52:42,656 [INFO] --------------------------------------------
2024-05-22 20:52:42,658 [INFO] Warning: your license will expire in 13 days
2024-05-22 20:52:42,662 [INFO] --------------------------------------------
2024-05-22 20:52:42,664 [INFO] 
2024-05-22 20:52:42,668 [INFO] Academic license - for non-commercial use only - expires 2024-06-04
2024-05-22 21:16:49,126 [INFO] Set parameter Username
2024-05-22 21:16:49,128 [INFO] 
2024-05-22 21:16:49,129 [INFO] --------------------------------------------
2024-05-22 21:16:49,131 [INFO] Warning: your license will expire in 13 days
2024-05-22 21:16:49,132 [INFO] --------------------------------------------
2024-05-22 21:16:49,133 [INFO] 
2024-05-22 21:16:49,135 [INFO] Academic license - for non-commercial use only - expires 2024-06-04
2024-05-24 10:24:08,259 [WARNING] The PostScript backend does not support transparency; partially transparent artists will be rendered opaque.
2024-05-24 14:52:35,192 [WARNING] No artists with labels found to put in legend.  Note that artists whose label start with an underscore are ignored when legend() is called with no argument.
2024-05-24 14:54:45,263 [WARNING] No artists with labels found to put in legend.  Note that artists whose label start with an underscore are ignored when legend() is called with no argument.
2024-05-24 22:44:22,299 [INFO] Set parameter Username
2024-05-24 22:44:22,302 [INFO] 
2024-05-24 22:44:22,303 [INFO] --------------------------------------------
2024-05-24 22:44:22,305 [INFO] Warning: your license will expire in 11 days
2024-05-24 22:44:22,305 [INFO] --------------------------------------------
2024-05-24 22:44:22,307 [INFO] 
2024-05-24 22:44:22,311 [INFO] Academic license - for non-commercial use only - expires 2024-06-04
2024-05-24 22:58:29,359 [WARNING] No artists with labels found to put in legend.  Note that artists whose label start with an underscore are ignored when legend() is called with no argument.
2024-05-24 23:12:17,588 [INFO] Set parameter Username
2024-05-24 23:12:17,593 [INFO] 
2024-05-24 23:12:17,596 [INFO] --------------------------------------------
2024-05-24 23:12:17,598 [INFO] Warning: your license will expire in 11 days
2024-05-24 23:12:17,599 [INFO] --------------------------------------------
2024-05-24 23:12:17,601 [INFO] 
2024-05-24 23:12:17,603 [INFO] Academic license - for non-commercial use only - expires 2024-06-04
2024-05-25 10:48:34,432 [INFO] Set parameter Username
2024-05-25 10:48:34,434 [INFO] 
2024-05-25 10:48:34,435 [INFO] --------------------------------------------
2024-05-25 10:48:34,437 [INFO] Warning: your license will expire in 10 days
2024-05-25 10:48:34,438 [INFO] --------------------------------------------
2024-05-25 10:48:34,439 [INFO] 
2024-05-25 10:48:34,443 [INFO] Academic license - for non-commercial use only - expires 2024-06-04
2024-05-25 12:01:54,679 [INFO] Set parameter Username
2024-05-25 12:01:54,681 [INFO] 
2024-05-25 12:01:54,682 [INFO] --------------------------------------------
2024-05-25 12:01:54,683 [INFO] Warning: your license will expire in 10 days
2024-05-25 12:01:54,685 [INFO] --------------------------------------------
2024-05-25 12:01:54,686 [INFO] 
2024-05-25 12:01:54,688 [INFO] Academic license - for non-commercial use only - expires 2024-06-04
2024-06-01 21:06:41,817 [INFO] Set parameter Username
2024-06-01 21:06:41,818 [INFO] 
2024-06-01 21:06:41,820 [INFO] --------------------------------------------
2024-06-01 21:06:41,821 [INFO] Warning: your license will expire in 3 days
2024-06-01 21:06:41,822 [INFO] --------------------------------------------
2024-06-01 21:06:41,824 [INFO] 
2024-06-01 21:06:41,826 [INFO] Academic license - for non-commercial use only - expires 2024-06-04
2024-06-01 21:45:56,101 [INFO] Set parameter Username
2024-06-01 21:45:56,103 [INFO] 
2024-06-01 21:45:56,104 [INFO] --------------------------------------------
2024-06-01 21:45:56,105 [INFO] Warning: your license will expire in 3 days
2024-06-01 21:45:56,106 [INFO] --------------------------------------------
2024-06-01 21:45:56,108 [INFO] 
2024-06-01 21:45:56,110 [INFO] Academic license - for non-commercial use only - expires 2024-06-04
2024-06-02 13:19:17,635 [INFO] Set parameter Username
2024-06-02 13:19:17,639 [INFO] 
2024-06-02 13:19:17,640 [INFO] --------------------------------------------
2024-06-02 13:19:17,641 [INFO] Warning: your license will expire in 2 days
2024-06-02 13:19:17,642 [INFO] --------------------------------------------
2024-06-02 13:19:17,643 [INFO] 
2024-06-02 13:19:17,645 [INFO] Academic license - for non-commercial use only - expires 2024-06-04
2024-06-02 14:05:07,060 [INFO] Set parameter Username
2024-06-02 14:05:07,062 [INFO] 
2024-06-02 14:05:07,063 [INFO] --------------------------------------------
2024-06-02 14:05:07,065 [INFO] Warning: your license will expire in 2 days
2024-06-02 14:05:07,066 [INFO] --------------------------------------------
2024-06-02 14:05:07,067 [INFO] 
2024-06-02 14:05:07,069 [INFO] Academic license - for non-commercial use only - expires 2024-06-04
2024-06-02 15:31:28,889 [ERROR] Task was destroyed but it is pending!
task: <Task pending name='Task-2' coro=<Kernel.poll_control_queue() running at /Users/pongpisit/anaconda3/envs/pysindy_latest/lib/python3.10/site-packages/ipykernel/kernelbase.py:309> wait_for=<Future pending cb=[Task.task_wakeup()]> cb=[_chain_future.<locals>._call_set_state() at /Users/pongpisit/anaconda3/envs/pysindy_latest/lib/python3.10/asyncio/futures.py:392]>
